This is e-pTeX, Version 3.141592653-p4.0.0-220214-2.6 (utf8.euc) (TeX Live 2022/Debian) (preloaded format=platex 2025.8.25)  16 SEP 2025 11:55
entering extended mode
 restricted \write18 enabled.
 %&-line parsing enabled.
**a
(/usr/share/texlive/texmf-dist/doc/latex/disser/templates/doctor/a.tex
pLaTeX2e <2021-11-15>+1 (based on LaTeX2e <2022-11-01> patch level 1)
L3 programming layer <2023-01-16>
! Undefined control sequence.
l.1 \chapter
            {^^cd^^e0^^e7^^e2^^e0^^ed^^e8^^e5 ^^ef^^f0^^e8^^eb^^ee^^e6^^e5^^...

? q
OK, entering \batchmode...

! LaTeX Error: Invalid UTF-8 byte sequence (^^cd^^e0).

See the LaTeX manual or LaTeX Companion for explanation.
Type  H <return>  for immediate help.
 ...                                              
                                                  
l.1 \chapter{^^cd^^e0
                     ^^e7^^e2^^e0^^ed^^e8^^e5 ^^ef^^f0^^e8^^eb^^ee^^e6^^e5^^...

The document does not appear to be in UTF-8 encoding.
Try adding \UseRawInputEncoding as the first line of the file
or specify an encoding such as \usepackage [latin1]{inputenc}
in the document preamble.
Alternatively, save the file in UTF-8 using your editor or another tool


! LaTeX Error: Invalid UTF-8 byte sequence (^^e7^^e2^^e0).

See the LaTeX manual or LaTeX Companion for explanation.
Type  H <return>  for immediate help.
 ...                                              
                                                  
l.1 \chapter{^^cd^^e0^^e7^^e2^^e0
                                 ^^ed^^e8^^e5 ^^ef^^f0^^e8^^eb^^ee^^e6^^e5^^...

The document does not appear to be in UTF-8 encoding.
Try adding \UseRawInputEncoding as the first line of the file
or specify an encoding such as \usepackage [latin1]{inputenc}
in the document preamble.
Alternatively, save the file in UTF-8 using your editor or another tool


! LaTeX Error: Invalid UTF-8 byte sequence (^^ed^^e8^^e5).

See the LaTeX manual or LaTeX Companion for explanation.
Type  H <return>  for immediate help.
 ...                                              
                                                  
l.1 \chapter{^^cd^^e0^^e7^^e2^^e0^^ed^^e8^^e5
                                              ^^ef^^f0^^e8^^eb^^ee^^e6^^e5^^...

The document does not appear to be in UTF-8 encoding.
Try adding \UseRawInputEncoding as the first line of the file
or specify an encoding such as \usepackage [latin1]{inputenc}
in the document preamble.
Alternatively, save the file in UTF-8 using your editor or another tool


! LaTeX Error: Invalid UTF-8 byte sequence (^^ef^^f0^^e8).

See the LaTeX manual or LaTeX Companion for explanation.
Type  H <return>  for immediate help.
 ...                                              
                                                  
l.1 ...cd^^e0^^e7^^e2^^e0^^ed^^e8^^e5 ^^ef^^f0^^e8
                                                  ^^eb^^ee^^e6^^e5^^ed^^e8^^ff}

The document does not appear to be in UTF-8 encoding.
Try adding \UseRawInputEncoding as the first line of the file
or specify an encoding such as \usepackage [latin1]{inputenc}
in the document preamble.
Alternatively, save the file in UTF-8 using your editor or another tool


! LaTeX Error: Invalid UTF-8 byte sequence (^^eb^^ee^^e6).

See the LaTeX manual or LaTeX Companion for explanation.
Type  H <return>  for immediate help.
 ...                                              
                                                  
l.1 ...e2^^e0^^ed^^e8^^e5 ^^ef^^f0^^e8^^eb^^ee^^e6
                                                  ^^e5^^ed^^e8^^ff}
The document does not appear to be in UTF-8 encoding.
Try adding \UseRawInputEncoding as the first line of the file
or specify an encoding such as \usepackage [latin1]{inputenc}
in the document preamble.
Alternatively, save the file in UTF-8 using your editor or another tool


! LaTeX Error: Invalid UTF-8 byte sequence (^^e5^^ed^^e8).

See the LaTeX manual or LaTeX Companion for explanation.
Type  H <return>  for immediate help.
 ...                                              
                                                  
l.1 ...e8^^e5 ^^ef^^f0^^e8^^eb^^ee^^e6^^e5^^ed^^e8
                                                  ^^ff}
The document does not appear to be in UTF-8 encoding.
Try adding \UseRawInputEncoding as the first line of the file
or specify an encoding such as \usepackage [latin1]{inputenc}
in the document preamble.
Alternatively, save the file in UTF-8 using your editor or another tool


! LaTeX Error: Invalid UTF-8 byte "FF.

See the LaTeX manual or LaTeX Companion for explanation.
Type  H <return>  for immediate help.
 ...                                              
                                                  
l.1 ...e5 ^^ef^^f0^^e8^^eb^^ee^^e6^^e5^^ed^^e8^^ff
                                                  }
The document does not appear to be in UTF-8 encoding.
Try adding \UseRawInputEncoding as the first line of the file
or specify an encoding such as \usepackage [latin1]{inputenc}
in the document preamble.
Alternatively, save the file in UTF-8 using your editor or another tool

)
! Emergency stop.
<*> a
     
*** (job aborted, no legal \end found)

 
Here is how much of TeX's memory you used:
 24 strings out of 476550
 530 string characters out of 5805609
 1849340 words of memory out of 5000000
 20731 multiletter control sequences out of 15000+600000
 516158 words of font info for 49 fonts, out of 8000000 for 9000
 929 hyphenation exceptions out of 8191
 15i,0n,23p,116b,22s stack positions out of 10000i,1000n,20000p,200000b,200000s
No pages of output.
